
Tue Apr 23 2024 12:06:03:618 GMT-0300 (Hora oficial do Brasil) -- Starting configuration console on http://localhost:45454
Tue Apr 23 2024 12:06:03:708 GMT-0300 (Hora oficial do Brasil) -- [SUCCESS] You can now access your local server(s) in our remote browser

Tue Apr 23 2024 12:06:03:959 GMT-0300 (Hora oficial do Brasil) -- Press Ctrl-C to exit



Tue Apr 23 2024 12:08:29:305 GMT-0300 (Hora oficial do Brasil) -- [SUCCESS] You can now access your local server(s) in our remote browser

Tue Apr 23 2024 12:08:29:506 GMT-0300 (Hora oficial do Brasil) -- Press Ctrl-C to exit


Tue Apr 23 2024 12:08:29:538 GMT-0300 (Hora oficial do Brasil) -- Starting configuration console on http://localhost:45454

Tue Apr 23 2024 12:13:21:346 GMT-0300 (Hora oficial do Brasil) -- [SUCCESS] You can now access your local server(s) in our remote browser

Tue Apr 23 2024 12:13:21:629 GMT-0300 (Hora oficial do Brasil) -- Press Ctrl-C to exit


Tue Apr 23 2024 12:13:22:82 GMT-0300 (Hora oficial do Brasil) -- Starting configuration console on http://localhost:45454

Wed Apr 24 2024 09:46:04:509 GMT-0300 (Hora oficial do Brasil) -- [SUCCESS] You can now access your local server(s) in our remote browser

Wed Apr 24 2024 09:46:04:600 GMT-0300 (Hora oficial do Brasil) -- Press Ctrl-C to exit


Wed Apr 24 2024 09:46:05:37 GMT-0300 (Hora oficial do Brasil) -- Starting configuration console on http://localhost:45454

Tue May 21 2024 15:33:09:609 GMT-0300 (Hora oficial do Brasil) -- [SUCCESS] You can now access your local server(s) in our remote browser

Tue May 21 2024 15:33:09:745 GMT-0300 (Hora oficial do Brasil) -- Starting configuration console on http://localhost:45454
Tue May 21 2024 15:33:09:879 GMT-0300 (Hora oficial do Brasil) -- Press Ctrl-C to exit



Tue May 21 2024 15:58:18:944 GMT-0300 (Hora oficial do Brasil) -- [SUCCESS] You can now access your local server(s) in our remote browser

Tue May 21 2024 15:58:19:179 GMT-0300 (Hora oficial do Brasil) -- Press Ctrl-C to exit


Tue May 21 2024 15:58:19:510 GMT-0300 (Hora oficial do Brasil) -- Starting configuration console on http://localhost:45454

Tue May 21 2024 16:07:57:106 GMT-0300 (Hora oficial do Brasil) -- [SUCCESS] You can now access your local server(s) in our remote browser

Tue May 21 2024 16:07:57:332 GMT-0300 (Hora oficial do Brasil) -- Press Ctrl-C to exit


Tue May 21 2024 16:07:57:506 GMT-0300 (Hora oficial do Brasil) -- Starting configuration console on http://localhost:45454

Tue May 21 2024 16:24:46:938 GMT-0300 (Hora oficial do Brasil) -- [SUCCESS] You can now access your local server(s) in our remote browser

Tue May 21 2024 16:24:47:155 GMT-0300 (Hora oficial do Brasil) -- Press Ctrl-C to exit


Tue May 21 2024 16:24:47:535 GMT-0300 (Hora oficial do Brasil) -- Starting configuration console on http://localhost:45454

Tue May 21 2024 16:25:56:16 GMT-0300 (Hora oficial do Brasil) -- [SUCCESS] You can now access your local server(s) in our remote browser

Tue May 21 2024 16:25:56:333 GMT-0300 (Hora oficial do Brasil) -- Starting configuration console on http://localhost:45454
Tue May 21 2024 16:25:56:354 GMT-0300 (Hora oficial do Brasil) -- Press Ctrl-C to exit



Tue May 21 2024 16:53:12:410 GMT-0300 (Hora oficial do Brasil) -- [SUCCESS] You can now access your local server(s) in our remote browser

Tue May 21 2024 16:53:12:797 GMT-0300 (Hora oficial do Brasil) -- Press Ctrl-C to exit


Tue May 21 2024 16:53:13:34 GMT-0300 (Hora oficial do Brasil) -- Starting configuration console on http://localhost:45454
