==============================================================================
Suites                                                                        
==============================================================================
Suites.Somar                                                                  
==============================================================================
CT-001: Somar 15 com 25                                               | PASS |
------------------------------------------------------------------------------
CT-002: Somar 35 com 65                                               | PASS |
------------------------------------------------------------------------------
CT-003: Somar 80 com 150                                              | PASS |
------------------------------------------------------------------------------
CT-004: Somar 27 com 44                                               | PASS |
------------------------------------------------------------------------------
CT-005: Somar 37 com 182                                              | PASS |
------------------------------------------------------------------------------
Suites.Somar                                                          | PASS |
5 tests, 5 passed, 0 failed
==============================================================================
Suites                                                                | PASS |
5 tests, 5 passed, 0 failed
==============================================================================
Output:  C:\PyCharm Workspace\BrowserStack-Calculator\results\pabot_results\2\output.xml
