==============================================================================
Suites                                                                        
==============================================================================
Suites.Multiplicar                                                            
==============================================================================
CT-001: Multiplicar 7 por 3                                           | PASS |
------------------------------------------------------------------------------
CT-002: Multiplicar 15 por 5                                          | PASS |
------------------------------------------------------------------------------
CT-003: Multiplicar 16 por 8                                          | PASS |
------------------------------------------------------------------------------
CT-004: Multiplicar 12 por 12                                         | PASS |
------------------------------------------------------------------------------
CT-005: Multiplicar 125 por 4                                         | PASS |
------------------------------------------------------------------------------
Suites.Multiplicar                                                    | PASS |
5 tests, 5 passed, 0 failed
==============================================================================
Suites                                                                | PASS |
5 tests, 5 passed, 0 failed
==============================================================================
Output:  C:\PyCharm Workspace\BrowserStack-Calculator\results\pabot_results\1\output.xml
