==============================================================================
Suites                                                                        
==============================================================================
Suites.Subtrair                                                               
==============================================================================
CT-001: Subtrair 15 de 75                                             | PASS |
------------------------------------------------------------------------------
CT-002: Subtrair 7 de 21                                              | PASS |
------------------------------------------------------------------------------
CT-003: Subtrair 80 de 150                                            | PASS |
------------------------------------------------------------------------------
CT-004: Subtrair 32 de 58                                             | PASS |
------------------------------------------------------------------------------
CT-005: Subtrair 56 de 94                                             | PASS |
------------------------------------------------------------------------------
Suites.Subtrair                                                       | PASS |
5 tests, 5 passed, 0 failed
==============================================================================
Suites                                                                | PASS |
5 tests, 5 passed, 0 failed
==============================================================================
Output:  C:\PyCharm Workspace\BrowserStack-Calculator\results\pabot_results\3\output.xml
