==============================================================================
Suites                                                                        
==============================================================================
Suites.Dividir                                                                
==============================================================================
CT-001: Dividir 100 por 5                                             | PASS |
------------------------------------------------------------------------------
CT-002: Dividir 30 por 2                                              | PASS |
------------------------------------------------------------------------------
CT-003: Dividir 150 por 15                                            | PASS |
------------------------------------------------------------------------------
CT-004: Dividir 350 por 7                                             | PASS |
------------------------------------------------------------------------------
CT-005: Dividir 512 por 32                                            | PASS |
------------------------------------------------------------------------------
Suites.Dividir                                                        | PASS |
5 tests, 5 passed, 0 failed
==============================================================================
Suites                                                                | PASS |
5 tests, 5 passed, 0 failed
==============================================================================
Output:  C:\PyCharm Workspace\BrowserStack-Calculator\results\pabot_results\0\output.xml
